2023-09-29 16:54:18,877 WARNING database DDL Query made to DB:
create table `tabWebhook Header` (
			name varchar(140) primary key,
			creation datetime(6),
			modified datetime(6),
			modified_by varchar(140),
			owner varchar(140),
			docstatus int(1) not null default '0',
			idx int(8) not null default '0',
			`key` varchar(140),
`value` varchar(140),
parent varchar(140),
parentfield varchar(140),
parenttype varchar(140),
index parent(parent))
			ENGINE=InnoDB
			ROW_FORMAT=DYNAMIC
			CHARACTER SET=utf8mb4
			COLLATE=utf8mb4_unicode_ci
2023-09-29 16:54:18,995 WARNING database DDL Query made to DB:
create table `tabWebhook Request Log` (
			name varchar(140) primary key,
			creation datetime(6),
			modified datetime(6),
			modified_by varchar(140),
			owner varchar(140),
			docstatus int(1) not null default '0',
			idx int(8) not null default '0',
			`webhook` varchar(140),
`reference_document` varchar(140),
`headers` longtext,
`data` longtext,
`user` varchar(140),
`url` varchar(140),
`response` longtext,
`error` text,
`_user_tags` text,
`_comments` text,
`_assign` text,
`_liked_by` text,
index modified(modified))
			ENGINE=InnoDB
			ROW_FORMAT=DYNAMIC
			CHARACTER SET=utf8mb4
			COLLATE=utf8mb4_unicode_ci
2023-09-29 16:54:19,138 WARNING database DDL Query made to DB:
create table `tabQuery Parameters` (
			name varchar(140) primary key,
			creation datetime(6),
			modified datetime(6),
			modified_by varchar(140),
			owner varchar(140),
			docstatus int(1) not null default '0',
			idx int(8) not null default '0',
			`key` varchar(140),
`value` varchar(140),
parent varchar(140),
parentfield varchar(140),
parenttype varchar(140),
index parent(parent))
			ENGINE=InnoDB
			ROW_FORMAT=DYNAMIC
			CHARACTER SET=utf8mb4
			COLLATE=utf8mb4_unicode_ci
2023-09-29 16:54:19,557 WARNING database DDL Query made to DB:
create table `tabIntegration Request` (
			name varchar(140) primary key,
			creation datetime(6),
			modified datetime(6),
			modified_by varchar(140),
			owner varchar(140),
			docstatus int(1) not null default '0',
			idx int(8) not null default '0',
			`request_id` varchar(140),
`integration_request_service` varchar(140),
`is_remote_request` int(1) not null default 0,
`request_description` varchar(140),
`status` varchar(140) default 'Queued',
`url` varchar(140),
`request_headers` longtext,
`data` longtext,
`output` longtext,
`error` longtext,
`reference_doctype` varchar(140),
`reference_docname` varchar(140),
`_user_tags` text,
`_comments` text,
`_assign` text,
`_liked_by` text,
index modified(modified))
			ENGINE=InnoDB
			ROW_FORMAT=DYNAMIC
			CHARACTER SET=utf8mb4
			COLLATE=utf8mb4_unicode_ci
2023-09-29 16:54:19,684 WARNING database DDL Query made to DB:
create table `tabToken Cache` (
			name varchar(140) primary key,
			creation datetime(6),
			modified datetime(6),
			modified_by varchar(140),
			owner varchar(140),
			docstatus int(1) not null default '0',
			idx int(8) not null default '0',
			`user` varchar(140),
`connected_app` varchar(140),
`provider_name` varchar(140),
`access_token` text,
`refresh_token` text,
`expires_in` int(11) not null default 0,
`state` varchar(140),
`success_uri` varchar(140),
`token_type` varchar(140),
`_user_tags` text,
`_comments` text,
`_assign` text,
`_liked_by` text,
index modified(modified))
			ENGINE=InnoDB
			ROW_FORMAT=DYNAMIC
			CHARACTER SET=utf8mb4
			COLLATE=utf8mb4_unicode_ci
2023-09-29 16:54:19,938 WARNING database DDL Query made to DB:
create table `tabNetwork Printer Settings` (
			name varchar(140) primary key,
			creation datetime(6),
			modified datetime(6),
			modified_by varchar(140),
			owner varchar(140),
			docstatus int(1) not null default '0',
			idx int(8) not null default '0',
			`server_ip` varchar(140) default 'localhost',
`port` int(11) not null default 631,
`printer_name` varchar(140),
`_user_tags` text,
`_comments` text,
`_assign` text,
`_liked_by` text,
index modified(modified))
			ENGINE=InnoDB
			ROW_FORMAT=DYNAMIC
			CHARACTER SET=utf8mb4
			COLLATE=utf8mb4_unicode_ci
2023-09-29 16:54:20,463 WARNING database DDL Query made to DB:
create table `tabPrint Heading` (
			name varchar(140) primary key,
			creation datetime(6),
			modified datetime(6),
			modified_by varchar(140),
			owner varchar(140),
			docstatus int(1) not null default '0',
			idx int(8) not null default '0',
			`print_heading` varchar(140),
`description` text,
`_user_tags` text,
`_comments` text,
`_assign` text,
`_liked_by` text,
index modified(modified))
			ENGINE=InnoDB
			ROW_FORMAT=DYNAMIC
			CHARACTER SET=utf8mb4
			COLLATE=utf8mb4_unicode_ci
2023-09-29 16:54:20,898 WARNING database DDL Query made to DB:
create table `tabLetter Head` (
			name varchar(140) primary key,
			creation datetime(6),
			modified datetime(6),
			modified_by varchar(140),
			owner varchar(140),
			docstatus int(1) not null default '0',
			idx int(8) not null default '0',
			`letter_head_name` varchar(140) unique,
`source` varchar(140),
`footer_source` varchar(140) default 'HTML',
`disabled` int(1) not null default 0,
`is_default` int(1) not null default 0,
`image` text,
`image_height` decimal(21,9) not null default 0,
`image_width` decimal(21,9) not null default 0,
`align` varchar(140) default 'Left',
`content` longtext,
`footer` longtext,
`footer_image` text,
`footer_image_height` decimal(21,9) not null default 0,
`footer_image_width` decimal(21,9) not null default 0,
`footer_align` varchar(140),
`_user_tags` text,
`_comments` text,
`_assign` text,
`_liked_by` text,
index `is_default`(`is_default`),
index modified(modified))
			ENGINE=InnoDB
			ROW_FORMAT=DYNAMIC
			CHARACTER SET=utf8mb4
			COLLATE=utf8mb4_unicode_ci
2023-09-29 16:54:21,091 WARNING database DDL Query made to DB:
create table `tabPrint Format Field Template` (
			name varchar(140) primary key,
			creation datetime(6),
			modified datetime(6),
			modified_by varchar(140),
			owner varchar(140),
			docstatus int(1) not null default '0',
			idx int(8) not null default '0',
			`document_type` varchar(140),
`field` varchar(140),
`template_file` varchar(140),
`module` varchar(140),
`standard` int(1) not null default 0,
`template` longtext,
`_user_tags` text,
`_comments` text,
`_assign` text,
`_liked_by` text,
index modified(modified))
			ENGINE=InnoDB
			ROW_FORMAT=DYNAMIC
			CHARACTER SET=utf8mb4
			COLLATE=utf8mb4_unicode_ci
2023-09-29 16:54:21,653 WARNING database DDL Query made to DB:
create table `tabAddress` (
			name varchar(140) primary key,
			creation datetime(6),
			modified datetime(6),
			modified_by varchar(140),
			owner varchar(140),
			docstatus int(1) not null default '0',
			idx int(8) not null default '0',
			`address_title` varchar(140),
`address_type` varchar(140),
`address_line1` varchar(140),
`address_line2` varchar(140),
`city` varchar(140),
`county` varchar(140),
`state` varchar(140),
`country` varchar(140),
`pincode` varchar(140),
`email_id` varchar(140),
`phone` varchar(140),
`fax` varchar(140),
`is_primary_address` int(1) not null default 0,
`is_shipping_address` int(1) not null default 0,
`disabled` int(1) not null default 0,
`_user_tags` text,
`_comments` text,
`_assign` text,
`_liked_by` text,
index `city`(`city`),
index `country`(`country`),
index `pincode`(`pincode`),
index modified(modified))
			ENGINE=InnoDB
			ROW_FORMAT=DYNAMIC
			CHARACTER SET=utf8mb4
			COLLATE=utf8mb4_unicode_ci
2023-09-29 16:54:22,155 WARNING database DDL Query made to DB:
create table `tabContact Email` (
			name varchar(140) primary key,
			creation datetime(6),
			modified datetime(6),
			modified_by varchar(140),
			owner varchar(140),
			docstatus int(1) not null default '0',
			idx int(8) not null default '0',
			`email_id` varchar(140),
`is_primary` int(1) not null default 0,
parent varchar(140),
parentfield varchar(140),
parenttype varchar(140),
index parent(parent))
			ENGINE=InnoDB
			ROW_FORMAT=DYNAMIC
			CHARACTER SET=utf8mb4
			COLLATE=utf8mb4_unicode_ci
2023-09-29 16:54:22,320 WARNING database DDL Query made to DB:
create table `tabGender` (
			name varchar(140) primary key,
			creation datetime(6),
			modified datetime(6),
			modified_by varchar(140),
			owner varchar(140),
			docstatus int(1) not null default '0',
			idx int(8) not null default '0',
			`gender` varchar(140) unique,
`_user_tags` text,
`_comments` text,
`_assign` text,
`_liked_by` text,
index modified(modified))
			ENGINE=InnoDB
			ROW_FORMAT=DYNAMIC
			CHARACTER SET=utf8mb4
			COLLATE=utf8mb4_unicode_ci
2023-09-29 16:54:22,434 WARNING database DDL Query made to DB:
create table `tabAddress Template` (
			name varchar(140) primary key,
			creation datetime(6),
			modified datetime(6),
			modified_by varchar(140),
			owner varchar(140),
			docstatus int(1) not null default '0',
			idx int(8) not null default '0',
			`country` varchar(140) unique,
`is_default` int(1) not null default 0,
`template` longtext,
`_user_tags` text,
`_comments` text,
`_assign` text,
`_liked_by` text,
index modified(modified))
			ENGINE=InnoDB
			ROW_FORMAT=DYNAMIC
			CHARACTER SET=utf8mb4
			COLLATE=utf8mb4_unicode_ci
2023-09-29 16:54:22,543 WARNING database DDL Query made to DB:
create table `tabContact Phone` (
			name varchar(140) primary key,
			creation datetime(6),
			modified datetime(6),
			modified_by varchar(140),
			owner varchar(140),
			docstatus int(1) not null default '0',
			idx int(8) not null default '0',
			`phone` varchar(140),
`is_primary_phone` int(1) not null default 0,
`is_primary_mobile_no` int(1) not null default 0,
parent varchar(140),
parentfield varchar(140),
parenttype varchar(140),
index parent(parent))
			ENGINE=InnoDB
			ROW_FORMAT=DYNAMIC
			CHARACTER SET=utf8mb4
			COLLATE=utf8mb4_unicode_ci
2023-09-29 16:54:22,710 WARNING database DDL Query made to DB:
create table `tabContact` (
			name varchar(140) primary key,
			creation datetime(6),
			modified datetime(6),
			modified_by varchar(140),
			owner varchar(140),
			docstatus int(1) not null default '0',
			idx int(8) not null default '0',
			`first_name` varchar(140),
`middle_name` varchar(140),
`last_name` varchar(140),
`full_name` varchar(140),
`email_id` varchar(140),
`user` varchar(140),
`address` varchar(140),
`sync_with_google_contacts` int(1) not null default 0,
`status` varchar(140) default 'Passive',
`salutation` varchar(140),
`designation` varchar(140),
`gender` varchar(140),
`phone` varchar(140),
`mobile_no` varchar(140),
`company_name` varchar(140),
`image` text,
`google_contacts` varchar(140),
`google_contacts_id` varchar(140),
`pulled_from_google_contacts` int(1) not null default 0,
`is_primary_contact` int(1) not null default 0,
`department` varchar(140),
`unsubscribed` int(1) not null default 0,
`_user_tags` text,
`_comments` text,
`_assign` text,
`_liked_by` text,
index `email_id`(`email_id`),
index modified(modified))
			ENGINE=InnoDB
			ROW_FORMAT=DYNAMIC
			CHARACTER SET=utf8mb4
			COLLATE=utf8mb4_unicode_ci
2023-09-29 16:54:22,911 WARNING database DDL Query made to DB:
create table `tabSalutation` (
			name varchar(140) primary key,
			creation datetime(6),
			modified datetime(6),
			modified_by varchar(140),
			owner varchar(140),
			docstatus int(1) not null default '0',
			idx int(8) not null default '0',
			`salutation` varchar(140) unique,
`_user_tags` text,
`_comments` text,
`_assign` text,
`_liked_by` text,
index modified(modified))
			ENGINE=InnoDB
			ROW_FORMAT=DYNAMIC
			CHARACTER SET=utf8mb4
			COLLATE=utf8mb4_unicode_ci
2023-09-29 16:54:23,127 WARNING database DDL Query made to DB:
create table `tabEnergy Point Log` (
			name varchar(140) primary key,
			creation datetime(6),
			modified datetime(6),
			modified_by varchar(140),
			owner varchar(140),
			docstatus int(1) not null default '0',
			idx int(8) not null default '0',
			`user` varchar(140),
`type` varchar(140),
`points` int(11) not null default 0,
`rule` varchar(140),
`reference_doctype` varchar(140),
`reference_name` varchar(140),
`reverted` int(1) not null default 0,
`revert_of` varchar(140),
`reason` text,
`seen` int(1) not null default 0,
`_user_tags` text,
`_comments` text,
`_assign` text,
`_liked_by` text,
index `user`(`user`),
index `reference_name`(`reference_name`),
index modified(modified))
			ENGINE=InnoDB
			ROW_FORMAT=DYNAMIC
			CHARACTER SET=utf8mb4
			COLLATE=utf8mb4_unicode_ci
2023-09-29 16:54:23,654 WARNING database DDL Query made to DB:
create table `tabEnergy Point Rule` (
			name varchar(140) primary key,
			creation datetime(6),
			modified datetime(6),
			modified_by varchar(140),
			owner varchar(140),
			docstatus int(1) not null default '0',
			idx int(8) not null default '0',
			`enabled` int(1) not null default 1,
`rule_name` varchar(140) unique,
`reference_doctype` varchar(140),
`for_doc_event` varchar(140) default 'Custom',
`field_to_check` varchar(140),
`points` int(11) not null default 0,
`for_assigned_users` int(1) not null default 0,
`user_field` varchar(140),
`multiplier_field` varchar(140),
`max_points` int(11) not null default 0,
`apply_only_once` int(1) not null default 0,
`condition` longtext,
`_user_tags` text,
`_comments` text,
`_assign` text,
`_liked_by` text,
index modified(modified))
			ENGINE=InnoDB
			ROW_FORMAT=DYNAMIC
			CHARACTER SET=utf8mb4
			COLLATE=utf8mb4_unicode_ci
2023-09-29 16:54:23,882 WARNING database DDL Query made to DB:
create table `tabReview Level` (
			name varchar(140) primary key,
			creation datetime(6),
			modified datetime(6),
			modified_by varchar(140),
			owner varchar(140),
			docstatus int(1) not null default '0',
			idx int(8) not null default '0',
			`level_name` varchar(140) unique,
`role` varchar(140) unique,
`review_points` int(11) not null default 0,
parent varchar(140),
parentfield varchar(140),
parenttype varchar(140),
index parent(parent))
			ENGINE=InnoDB
			ROW_FORMAT=DYNAMIC
			CHARACTER SET=utf8mb4
			COLLATE=utf8mb4_unicode_ci
2023-09-29 16:54:23,985 WARNING database DDL Query made to DB:
create table `tabAuto Repeat Day` (
			name varchar(140) primary key,
			creation datetime(6),
			modified datetime(6),
			modified_by varchar(140),
			owner varchar(140),
			docstatus int(1) not null default '0',
			idx int(8) not null default '0',
			`day` varchar(140),
parent varchar(140),
parentfield varchar(140),
parenttype varchar(140),
index parent(parent))
			ENGINE=InnoDB
			ROW_FORMAT=DYNAMIC
			CHARACTER SET=utf8mb4
			COLLATE=utf8mb4_unicode_ci
2023-09-29 16:54:24,408 WARNING database DDL Query made to DB:
create table `tabAssignment Rule Day` (
			name varchar(140) primary key,
			creation datetime(6),
			modified datetime(6),
			modified_by varchar(140),
			owner varchar(140),
			docstatus int(1) not null default '0',
			idx int(8) not null default '0',
			`day` varchar(140),
parent varchar(140),
parentfield varchar(140),
parenttype varchar(140),
index parent(parent))
			ENGINE=InnoDB
			ROW_FORMAT=DYNAMIC
			CHARACTER SET=utf8mb4
			COLLATE=utf8mb4_unicode_ci
2023-09-29 16:54:24,550 WARNING database DDL Query made to DB:
create table `tabMilestone` (
			name varchar(140) primary key,
			creation datetime(6),
			modified datetime(6),
			modified_by varchar(140),
			owner varchar(140),
			docstatus int(1) not null default '0',
			idx int(8) not null default '0',
			`reference_type` varchar(140),
`reference_name` varchar(140),
`track_field` varchar(140),
`value` varchar(140),
`milestone_tracker` varchar(140),
`_user_tags` text,
`_comments` text,
`_assign` text,
`_liked_by` text,
index `reference_type`(`reference_type`),
index modified(modified))
			ENGINE=InnoDB
			ROW_FORMAT=DYNAMIC
			CHARACTER SET=utf8mb4
			COLLATE=utf8mb4_unicode_ci
2023-09-29 16:54:24,604 WARNING database DDL Query made to DB:
ALTER TABLE `tabMilestone`
				ADD INDEX `reference_type_reference_name_index`(reference_type, reference_name)
2023-09-29 16:54:24,680 WARNING database DDL Query made to DB:
create table `tabMilestone Tracker` (
			name varchar(140) primary key,
			creation datetime(6),
			modified datetime(6),
			modified_by varchar(140),
			owner varchar(140),
			docstatus int(1) not null default '0',
			idx int(8) not null default '0',
			`document_type` varchar(140) unique,
`track_field` varchar(140),
`disabled` int(1) not null default 0,
`_user_tags` text,
`_comments` text,
`_assign` text,
`_liked_by` text,
index modified(modified))
			ENGINE=InnoDB
			ROW_FORMAT=DYNAMIC
			CHARACTER SET=utf8mb4
			COLLATE=utf8mb4_unicode_ci
2023-09-29 16:54:24,901 WARNING database DDL Query made to DB:
create table `tabAuto Repeat` (
			name varchar(140) primary key,
			creation datetime(6),
			modified datetime(6),
			modified_by varchar(140),
			owner varchar(140),
			docstatus int(1) not null default '0',
			idx int(8) not null default '0',
			`disabled` int(1) not null default 0,
`reference_doctype` varchar(140),
`reference_document` varchar(140),
`submit_on_creation` int(1) not null default 0,
`start_date` date,
`end_date` date,
`frequency` varchar(140),
`repeat_on_day` int(11) not null default 0,
`repeat_on_last_day` int(1) not null default 0,
`next_schedule_date` date,
`notify_by_email` int(1) not null default 0,
`recipients` text,
`template` varchar(140),
`subject` varchar(140),
`message` text default 'Please find attached {{ doc.doctype }} #{{ doc.name }}',
`print_format` varchar(140),
`status` varchar(140),
`_user_tags` text,
`_comments` text,
`_assign` text,
`_liked_by` text,
index `next_schedule_date`(`next_schedule_date`),
index modified(modified))
			ENGINE=InnoDB
			ROW_FORMAT=DYNAMIC
			CHARACTER SET=utf8mb4
			COLLATE=utf8mb4_unicode_ci
2023-09-29 16:54:25,121 WARNING database DDL Query made to DB:
create table `tabAssignment Rule` (
			name varchar(140) primary key,
			creation datetime(6),
			modified datetime(6),
			modified_by varchar(140),
			owner varchar(140),
			docstatus int(1) not null default '0',
			idx int(8) not null default '0',
			`document_type` varchar(140),
`due_date_based_on` varchar(140),
`priority` int(11) not null default 0,
`disabled` int(1) not null default 0,
`description` text default 'Automatic Assignment',
`assign_condition` longtext,
`unassign_condition` longtext,
`close_condition` longtext,
`rule` varchar(140),
`field` varchar(140),
`last_user` varchar(140),
`_user_tags` text,
`_comments` text,
`_assign` text,
`_liked_by` text,
index modified(modified))
			ENGINE=InnoDB
			ROW_FORMAT=DYNAMIC
			CHARACTER SET=utf8mb4
			COLLATE=utf8mb4_unicode_ci
2023-09-29 16:54:25,221 WARNING database DDL Query made to DB:
create table `tabAssignment Rule User` (
			name varchar(140) primary key,
			creation datetime(6),
			modified datetime(6),
			modified_by varchar(140),
			owner varchar(140),
			docstatus int(1) not null default '0',
			idx int(8) not null default '0',
			`user` varchar(140),
parent varchar(140),
parentfield varchar(140),
parenttype varchar(140),
index parent(parent))
			ENGINE=InnoDB
			ROW_FORMAT=DYNAMIC
			CHARACTER SET=utf8mb4
			COLLATE=utf8mb4_unicode_ci
2023-09-29 16:54:25,347 WARNING database DDL Query made to DB:
create table `tabReminder` (
			name varchar(140) primary key,
			creation datetime(6),
			modified datetime(6),
			modified_by varchar(140),
			owner varchar(140),
			docstatus int(1) not null default '0',
			idx int(8) not null default '0',
			`user` varchar(140),
`remind_at` datetime(6),
`description` text,
`reminder_doctype` varchar(140),
`reminder_docname` varchar(140),
`notified` int(1) not null default 0,
`_user_tags` text,
`_comments` text,
`_assign` text,
`_liked_by` text,
index `user`(`user`),
index `remind_at`(`remind_at`),
index modified(modified))
			ENGINE=InnoDB
			ROW_FORMAT=DYNAMIC
			CHARACTER SET=utf8mb4
			COLLATE=utf8mb4_unicode_ci
2023-09-29 17:20:31,568 WARNING database DDL Query made to DB:
ALTER TABLE `tabWorkspace` MODIFY `sequence_id` decimal(21,9) not null default 0
2023-09-29 17:29:41,117 WARNING database DDL Query made to DB:
create table `tabvehicle` (
			name varchar(140) primary key,
			creation datetime(6),
			modified datetime(6),
			modified_by varchar(140),
			owner varchar(140),
			docstatus int(1) not null default '0',
			idx int(8) not null default '0',
			`title` varchar(140),
`_user_tags` text,
`_comments` text,
`_assign` text,
`_liked_by` text,
index modified(modified))
			ENGINE=InnoDB
			ROW_FORMAT=DYNAMIC
			CHARACTER SET=utf8mb4
			COLLATE=utf8mb4_unicode_ci
2023-09-29 17:38:06,404 WARNING database DDL Query made to DB:
create table `tabRestaurants Menu` (
			name varchar(140) primary key,
			creation datetime(6),
			modified datetime(6),
			modified_by varchar(140),
			owner varchar(140),
			docstatus int(1) not null default '0',
			idx int(8) not null default '0',
			`title` varchar(140),
`_user_tags` text,
`_comments` text,
`_assign` text,
`_liked_by` text,
index modified(modified))
			ENGINE=InnoDB
			ROW_FORMAT=DYNAMIC
			CHARACTER SET=utf8mb4
			COLLATE=utf8mb4_unicode_ci
2023-09-29 17:40:08,680 WARNING database DDL Query made to DB:
ALTER TABLE `tabRestaurants Menu` ADD COLUMN `food_type` varchar(140)
2023-09-29 17:42:59,517 WARNING database DDL Query made to DB:
ALTER TABLE `tabRestaurants Menu` ADD COLUMN `price` decimal(21,9) not null default 0
2023-09-29 17:44:23,296 WARNING database DDL Query made to DB:
ALTER TABLE `tabRestaurants Menu` ADD COLUMN `currency` varchar(140)
2023-09-29 17:44:23,309 WARNING database DDL Query made to DB:
ALTER TABLE `tabRestaurants Menu` MODIFY `price` decimal(21,9) not null default 0
2023-09-29 17:44:34,010 WARNING database DDL Query made to DB:
ALTER TABLE `tabRestaurants Menu` MODIFY `price` decimal(21,9) not null default 0
2023-09-29 17:44:53,737 WARNING database DDL Query made to DB:
ALTER TABLE `tabRestaurants Menu` MODIFY `price` decimal(21,9) not null default 0
2023-09-29 17:45:11,186 WARNING database DDL Query made to DB:
ALTER TABLE `tabRestaurants Menu` MODIFY `price` decimal(21,9) not null default 0, MODIFY `currency` varchar(140) default 'INR'
2023-09-29 17:45:58,625 WARNING database DDL Query made to DB:
ALTER TABLE `tabRestaurants Menu` MODIFY `price` decimal(21,9) not null default 0
2023-09-29 17:47:07,471 WARNING database DDL Query made to DB:
ALTER TABLE `tabRestaurants Menu` MODIFY `price` decimal(21,9) not null default 0
2023-09-29 17:53:11,554 WARNING database DDL Query made to DB:
ALTER TABLE `tabRestaurants Menu` MODIFY `price` decimal(21,9) not null default 0
2023-09-29 17:55:53,065 WARNING database DDL Query made to DB:
ALTER TABLE `tabRestaurants Menu` MODIFY `price` decimal(21,9) not null default 0
2023-09-29 17:56:16,883 WARNING database DDL Query made to DB:
ALTER TABLE `tabRestaurants Menu` MODIFY `price` decimal(21,9) not null default 0
2023-09-29 17:56:26,756 WARNING database DDL Query made to DB:
ALTER TABLE `tabRestaurants Menu` MODIFY `currency` varchar(140) default 'USD', MODIFY `price` decimal(21,9) not null default 0
2023-09-29 17:57:30,441 WARNING database DDL Query made to DB:
ALTER TABLE `tabRestaurants Menu` MODIFY `price` decimal(21,9) not null default 0
2023-09-29 17:58:32,312 WARNING database DDL Query made to DB:
ALTER TABLE `tabRestaurants Menu` MODIFY `currency` varchar(140) default 'INR', MODIFY `price` decimal(21,9) not null default 0
2023-09-29 17:59:09,370 WARNING database DDL Query made to DB:
ALTER TABLE `tabRestaurants Menu` MODIFY `price` decimal(21,9) not null default 0, ADD UNIQUE INDEX IF NOT EXISTS title (`title`)
2023-09-29 18:01:23,956 WARNING database DDL Query made to DB:
create table `tabTables` (
			name varchar(140) primary key,
			creation datetime(6),
			modified datetime(6),
			modified_by varchar(140),
			owner varchar(140),
			docstatus int(1) not null default '0',
			idx int(8) not null default '0',
			`title` varchar(140) unique,
`_user_tags` text,
`_comments` text,
`_assign` text,
`_liked_by` text,
index modified(modified))
			ENGINE=InnoDB
			ROW_FORMAT=DYNAMIC
			CHARACTER SET=utf8mb4
			COLLATE=utf8mb4_unicode_ci
2023-09-29 18:03:58,340 WARNING database DDL Query made to DB:
ALTER TABLE `tabTables` ADD COLUMN `table_type` varchar(140)
2023-09-29 18:05:17,249 WARNING database DDL Query made to DB:
ALTER TABLE `tabTables` ADD COLUMN `seat_capacity` varchar(140)
2023-09-29 18:06:49,041 WARNING database DDL Query made to DB:
create table `tabOrder Details` (
			name varchar(140) primary key,
			creation datetime(6),
			modified datetime(6),
			modified_by varchar(140),
			owner varchar(140),
			docstatus int(1) not null default '0',
			idx int(8) not null default '0',
			`title` varchar(140) unique,
`amended_from` varchar(140),
`_user_tags` text,
`_comments` text,
`_assign` text,
`_liked_by` text,
index modified(modified))
			ENGINE=InnoDB
			ROW_FORMAT=DYNAMIC
			CHARACTER SET=utf8mb4
			COLLATE=utf8mb4_unicode_ci
2023-09-29 18:08:24,324 WARNING database DDL Query made to DB:
create sequence if not exists order_details_id_seq nocache nocycle
2023-09-29 18:08:24,347 WARNING database DDL Query made to DB:
ALTER TABLE `tabOrder Details` MODIFY `name` bigint
2023-09-29 18:09:47,383 WARNING database DDL Query made to DB:
ALTER TABLE `tabOrder Details` ADD COLUMN `table_no` varchar(140)
2023-09-29 18:10:59,199 WARNING database DDL Query made to DB:
ALTER TABLE `tabOrder Details` ADD COLUMN `table_type` varchar(140)
2023-09-29 18:15:39,019 WARNING database DDL Query made to DB:
ALTER TABLE `tabOrder Details` ADD COLUMN `price` decimal(21,9) not null default 0, ADD COLUMN `currency` varchar(140) default 'INR'
2023-09-29 18:16:14,670 WARNING database DDL Query made to DB:
alter table `tabOrder Details` add column parent varchar(140)
2023-09-29 18:16:14,670 WARNING database DDL Query made to DB:
alter table `tabOrder Details` add column parent varchar(140)
2023-09-29 18:16:14,670 WARNING database DDL Query made to DB:
alter table `tabOrder Details` add column parent varchar(140)
2023-09-29 18:16:14,670 WARNING database DDL Query made to DB:
alter table `tabOrder Details` add column parent varchar(140)
2023-09-29 18:16:14,686 WARNING database DDL Query made to DB:
alter table `tabOrder Details` add column parenttype varchar(140)
2023-09-29 18:16:14,686 WARNING database DDL Query made to DB:
alter table `tabOrder Details` add column parenttype varchar(140)
2023-09-29 18:16:14,686 WARNING database DDL Query made to DB:
alter table `tabOrder Details` add column parenttype varchar(140)
2023-09-29 18:16:14,686 WARNING database DDL Query made to DB:
alter table `tabOrder Details` add column parenttype varchar(140)
2023-09-29 18:16:14,702 WARNING database DDL Query made to DB:
alter table `tabOrder Details` add column parentfield varchar(140)
2023-09-29 18:16:14,702 WARNING database DDL Query made to DB:
alter table `tabOrder Details` add column parentfield varchar(140)
2023-09-29 18:16:14,702 WARNING database DDL Query made to DB:
alter table `tabOrder Details` add column parentfield varchar(140)
2023-09-29 18:16:14,702 WARNING database DDL Query made to DB:
alter table `tabOrder Details` add column parentfield varchar(140)
2023-09-29 18:16:14,872 WARNING database DDL Query made to DB:
ALTER TABLE `tabOrder Details` MODIFY `price` decimal(21,9) not null default 0
2023-09-29 18:16:14,872 WARNING database DDL Query made to DB:
ALTER TABLE `tabOrder Details` MODIFY `price` decimal(21,9) not null default 0
2023-09-29 18:16:14,872 WARNING database DDL Query made to DB:
ALTER TABLE `tabOrder Details` MODIFY `price` decimal(21,9) not null default 0
2023-09-29 18:16:14,872 WARNING database DDL Query made to DB:
ALTER TABLE `tabOrder Details` MODIFY `price` decimal(21,9) not null default 0
2023-09-29 18:16:48,108 WARNING database DDL Query made to DB:
ALTER TABLE `tabOrder Details` ADD COLUMN `qty` int(11) not null default 0
2023-09-29 18:16:48,108 WARNING database DDL Query made to DB:
ALTER TABLE `tabOrder Details` ADD COLUMN `qty` int(11) not null default 0
2023-09-29 18:16:48,108 WARNING database DDL Query made to DB:
ALTER TABLE `tabOrder Details` ADD COLUMN `qty` int(11) not null default 0
2023-09-29 18:16:48,108 WARNING database DDL Query made to DB:
ALTER TABLE `tabOrder Details` ADD COLUMN `qty` int(11) not null default 0
2023-09-29 18:16:48,121 WARNING database DDL Query made to DB:
ALTER TABLE `tabOrder Details` MODIFY `price` decimal(21,9) not null default 0
2023-09-29 18:16:48,121 WARNING database DDL Query made to DB:
ALTER TABLE `tabOrder Details` MODIFY `price` decimal(21,9) not null default 0
2023-09-29 18:16:48,121 WARNING database DDL Query made to DB:
ALTER TABLE `tabOrder Details` MODIFY `price` decimal(21,9) not null default 0
2023-09-29 18:16:48,121 WARNING database DDL Query made to DB:
ALTER TABLE `tabOrder Details` MODIFY `price` decimal(21,9) not null default 0
2023-09-29 18:17:03,012 WARNING database DDL Query made to DB:
ALTER TABLE `tabOrder Details` ADD COLUMN `amount` decimal(21,9) not null default 0
2023-09-29 18:17:03,012 WARNING database DDL Query made to DB:
ALTER TABLE `tabOrder Details` ADD COLUMN `amount` decimal(21,9) not null default 0
2023-09-29 18:17:03,012 WARNING database DDL Query made to DB:
ALTER TABLE `tabOrder Details` ADD COLUMN `amount` decimal(21,9) not null default 0
2023-09-29 18:17:03,012 WARNING database DDL Query made to DB:
ALTER TABLE `tabOrder Details` ADD COLUMN `amount` decimal(21,9) not null default 0
2023-09-29 18:17:03,025 WARNING database DDL Query made to DB:
ALTER TABLE `tabOrder Details` MODIFY `price` decimal(21,9) not null default 0
2023-09-29 18:17:03,025 WARNING database DDL Query made to DB:
ALTER TABLE `tabOrder Details` MODIFY `price` decimal(21,9) not null default 0
2023-09-29 18:17:03,025 WARNING database DDL Query made to DB:
ALTER TABLE `tabOrder Details` MODIFY `price` decimal(21,9) not null default 0
2023-09-29 18:17:03,025 WARNING database DDL Query made to DB:
ALTER TABLE `tabOrder Details` MODIFY `price` decimal(21,9) not null default 0
2023-09-29 18:17:25,648 WARNING database DDL Query made to DB:
ALTER TABLE `tabOrder Details` MODIFY `amount` decimal(21,9) not null default 0, MODIFY `price` decimal(21,9) not null default 0
2023-09-29 18:17:25,648 WARNING database DDL Query made to DB:
ALTER TABLE `tabOrder Details` MODIFY `amount` decimal(21,9) not null default 0, MODIFY `price` decimal(21,9) not null default 0
2023-09-29 18:17:25,648 WARNING database DDL Query made to DB:
ALTER TABLE `tabOrder Details` MODIFY `amount` decimal(21,9) not null default 0, MODIFY `price` decimal(21,9) not null default 0
2023-09-29 18:17:25,648 WARNING database DDL Query made to DB:
ALTER TABLE `tabOrder Details` MODIFY `amount` decimal(21,9) not null default 0, MODIFY `price` decimal(21,9) not null default 0
2023-09-29 18:18:31,264 WARNING database DDL Query made to DB:
ALTER TABLE `tabOrder Details` MODIFY `amount` decimal(21,9) not null default 0, MODIFY `price` decimal(21,9) not null default 0
2023-09-29 18:18:31,264 WARNING database DDL Query made to DB:
ALTER TABLE `tabOrder Details` MODIFY `amount` decimal(21,9) not null default 0, MODIFY `price` decimal(21,9) not null default 0
2023-09-29 18:18:31,264 WARNING database DDL Query made to DB:
ALTER TABLE `tabOrder Details` MODIFY `amount` decimal(21,9) not null default 0, MODIFY `price` decimal(21,9) not null default 0
2023-09-29 18:18:31,264 WARNING database DDL Query made to DB:
ALTER TABLE `tabOrder Details` MODIFY `amount` decimal(21,9) not null default 0, MODIFY `price` decimal(21,9) not null default 0
2023-09-29 18:20:00,081 WARNING database DDL Query made to DB:
ALTER TABLE `tabOrder Details` MODIFY `amount` decimal(21,9) not null default 0, MODIFY `price` decimal(21,9) not null default 0
2023-09-29 18:20:00,081 WARNING database DDL Query made to DB:
ALTER TABLE `tabOrder Details` MODIFY `amount` decimal(21,9) not null default 0, MODIFY `price` decimal(21,9) not null default 0
2023-09-29 18:20:00,081 WARNING database DDL Query made to DB:
ALTER TABLE `tabOrder Details` MODIFY `amount` decimal(21,9) not null default 0, MODIFY `price` decimal(21,9) not null default 0
2023-09-29 18:20:00,081 WARNING database DDL Query made to DB:
ALTER TABLE `tabOrder Details` MODIFY `amount` decimal(21,9) not null default 0, MODIFY `price` decimal(21,9) not null default 0
2023-09-29 18:21:06,600 WARNING database DDL Query made to DB:
create table `tabTaking Order` (
			name varchar(140) primary key,
			creation datetime(6),
			modified datetime(6),
			modified_by varchar(140),
			owner varchar(140),
			docstatus int(1) not null default '0',
			idx int(8) not null default '0',
			`title` varchar(140),
`_user_tags` text,
`_comments` text,
`_assign` text,
`_liked_by` text,
index modified(modified))
			ENGINE=InnoDB
			ROW_FORMAT=DYNAMIC
			CHARACTER SET=utf8mb4
			COLLATE=utf8mb4_unicode_ci
2023-09-29 18:21:06,600 WARNING database DDL Query made to DB:
create table `tabTaking Order` (
			name varchar(140) primary key,
			creation datetime(6),
			modified datetime(6),
			modified_by varchar(140),
			owner varchar(140),
			docstatus int(1) not null default '0',
			idx int(8) not null default '0',
			`title` varchar(140),
`_user_tags` text,
`_comments` text,
`_assign` text,
`_liked_by` text,
index modified(modified))
			ENGINE=InnoDB
			ROW_FORMAT=DYNAMIC
			CHARACTER SET=utf8mb4
			COLLATE=utf8mb4_unicode_ci
2023-09-29 18:21:06,600 WARNING database DDL Query made to DB:
create table `tabTaking Order` (
			name varchar(140) primary key,
			creation datetime(6),
			modified datetime(6),
			modified_by varchar(140),
			owner varchar(140),
			docstatus int(1) not null default '0',
			idx int(8) not null default '0',
			`title` varchar(140),
`_user_tags` text,
`_comments` text,
`_assign` text,
`_liked_by` text,
index modified(modified))
			ENGINE=InnoDB
			ROW_FORMAT=DYNAMIC
			CHARACTER SET=utf8mb4
			COLLATE=utf8mb4_unicode_ci
2023-09-29 18:21:06,600 WARNING database DDL Query made to DB:
create table `tabTaking Order` (
			name varchar(140) primary key,
			creation datetime(6),
			modified datetime(6),
			modified_by varchar(140),
			owner varchar(140),
			docstatus int(1) not null default '0',
			idx int(8) not null default '0',
			`title` varchar(140),
`_user_tags` text,
`_comments` text,
`_assign` text,
`_liked_by` text,
index modified(modified))
			ENGINE=InnoDB
			ROW_FORMAT=DYNAMIC
			CHARACTER SET=utf8mb4
			COLLATE=utf8mb4_unicode_ci
2023-09-29 18:21:32,148 WARNING database DDL Query made to DB:
ALTER TABLE `tabTaking Order` MODIFY `title` date
2023-09-29 18:21:32,148 WARNING database DDL Query made to DB:
ALTER TABLE `tabTaking Order` MODIFY `title` date
2023-09-29 18:21:32,148 WARNING database DDL Query made to DB:
ALTER TABLE `tabTaking Order` MODIFY `title` date
2023-09-29 18:21:32,148 WARNING database DDL Query made to DB:
ALTER TABLE `tabTaking Order` MODIFY `title` date
2023-09-29 18:22:03,873 WARNING database DDL Query made to DB:
ALTER TABLE `tabTaking Order` ADD COLUMN `table_no` varchar(140)
2023-09-29 18:22:03,873 WARNING database DDL Query made to DB:
ALTER TABLE `tabTaking Order` ADD COLUMN `table_no` varchar(140)
2023-09-29 18:22:03,873 WARNING database DDL Query made to DB:
ALTER TABLE `tabTaking Order` ADD COLUMN `table_no` varchar(140)
2023-09-29 18:22:03,873 WARNING database DDL Query made to DB:
ALTER TABLE `tabTaking Order` ADD COLUMN `table_no` varchar(140)
2023-09-29 18:22:34,568 WARNING database DDL Query made to DB:
ALTER TABLE `tabTaking Order` ADD COLUMN `table_type` varchar(140)
2023-09-29 18:22:34,568 WARNING database DDL Query made to DB:
ALTER TABLE `tabTaking Order` ADD COLUMN `table_type` varchar(140)
2023-09-29 18:22:34,568 WARNING database DDL Query made to DB:
ALTER TABLE `tabTaking Order` ADD COLUMN `table_type` varchar(140)
2023-09-29 18:22:34,568 WARNING database DDL Query made to DB:
ALTER TABLE `tabTaking Order` ADD COLUMN `table_type` varchar(140)
2023-09-29 18:24:13,645 WARNING database DDL Query made to DB:
ALTER TABLE `tabTaking Order` ADD COLUMN `order_taking_person` varchar(140)
2023-09-29 18:24:13,645 WARNING database DDL Query made to DB:
ALTER TABLE `tabTaking Order` ADD COLUMN `order_taking_person` varchar(140)
2023-09-29 18:24:13,645 WARNING database DDL Query made to DB:
ALTER TABLE `tabTaking Order` ADD COLUMN `order_taking_person` varchar(140)
2023-09-29 18:24:13,645 WARNING database DDL Query made to DB:
ALTER TABLE `tabTaking Order` ADD COLUMN `order_taking_person` varchar(140)
2023-09-29 18:25:55,961 WARNING database DDL Query made to DB:
ALTER TABLE `tabTaking Order` ADD COLUMN `total` decimal(21,9) not null default 0
2023-09-29 18:25:55,961 WARNING database DDL Query made to DB:
ALTER TABLE `tabTaking Order` ADD COLUMN `total` decimal(21,9) not null default 0
2023-09-29 18:25:55,961 WARNING database DDL Query made to DB:
ALTER TABLE `tabTaking Order` ADD COLUMN `total` decimal(21,9) not null default 0
2023-09-29 18:25:55,961 WARNING database DDL Query made to DB:
ALTER TABLE `tabTaking Order` ADD COLUMN `total` decimal(21,9) not null default 0
2023-09-29 18:40:42,054 WARNING database DDL Query made to DB:
ALTER TABLE `tabOrder Details` MODIFY `amount` decimal(21,9) not null default 0, MODIFY `price` decimal(21,9) not null default 0
2023-09-29 18:43:20,201 WARNING database DDL Query made to DB:
ALTER TABLE `tabRestaurants Menu` MODIFY `price` decimal(21,9) not null default 0
2023-09-29 18:46:56,379 WARNING database DDL Query made to DB:
ALTER TABLE `tabOrder Details` MODIFY `price` decimal(21,9) not null default 0, MODIFY `amount` decimal(21,9) not null default 0, MODIFY `qty` varchar(140)
2023-09-29 18:50:06,323 WARNING database DDL Query made to DB:
ALTER TABLE `tabTaking Order` MODIFY `total` decimal(21,9) not null default 0
2023-09-29 18:50:06,528 WARNING database DDL Query made to DB:
ALTER TABLE `tabRestaurants Menu` MODIFY `price` decimal(21,9) not null default 0
2023-09-29 18:50:06,705 WARNING database DDL Query made to DB:
ALTER TABLE `tabOrder Details` MODIFY `price` decimal(21,9) not null default 0, MODIFY `amount` decimal(21,9) not null default 0
2023-09-29 18:52:26,616 WARNING database DDL Query made to DB:
ALTER TABLE `tabOrder Details` DROP INDEX `title`
2023-09-29 18:53:14,420 WARNING database DDL Query made to DB:
ALTER TABLE `tabOrder Details` MODIFY `title` date
2023-09-29 18:53:14,420 WARNING database DDL Query made to DB:
ALTER TABLE `tabOrder Details` MODIFY `title` date
2023-09-29 18:54:30,178 WARNING database DDL Query made to DB:
ALTER TABLE `tabOrder Details` MODIFY `title` varchar(140)
2023-09-29 18:54:30,178 WARNING database DDL Query made to DB:
ALTER TABLE `tabOrder Details` MODIFY `title` varchar(140)
2023-09-29 18:56:04,875 WARNING database DDL Query made to DB:
ALTER TABLE `tabOrder Details` MODIFY `title` varchar(140)
2023-09-29 18:56:04,875 WARNING database DDL Query made to DB:
ALTER TABLE `tabOrder Details` MODIFY `title` varchar(140)
2023-09-29 18:57:49,120 WARNING database DDL Query made to DB:
ALTER TABLE `tabOrder Details` MODIFY `title` varchar(140), MODIFY `price` varchar(140)
2023-09-29 18:57:49,120 WARNING database DDL Query made to DB:
ALTER TABLE `tabOrder Details` MODIFY `title` varchar(140), MODIFY `price` varchar(140)
2023-09-29 18:57:55,902 WARNING database DDL Query made to DB:
ALTER TABLE `tabOrder Details` MODIFY `price` decimal(21,9) not null default 0, MODIFY `title` varchar(140)
2023-09-29 18:57:55,902 WARNING database DDL Query made to DB:
ALTER TABLE `tabOrder Details` MODIFY `price` decimal(21,9) not null default 0, MODIFY `title` varchar(140)
2023-09-29 18:58:10,281 WARNING database DDL Query made to DB:
ALTER TABLE `tabOrder Details` MODIFY `price` decimal(21,9) not null default 0, MODIFY `title` varchar(140)
2023-09-29 18:58:10,281 WARNING database DDL Query made to DB:
ALTER TABLE `tabOrder Details` MODIFY `price` decimal(21,9) not null default 0, MODIFY `title` varchar(140)
2023-09-29 18:58:29,753 WARNING database DDL Query made to DB:
ALTER TABLE `tabOrder Details` MODIFY `price` decimal(21,9) not null default 0, MODIFY `title` varchar(140), MODIFY `amount` varchar(140)
2023-09-29 18:58:29,753 WARNING database DDL Query made to DB:
ALTER TABLE `tabOrder Details` MODIFY `price` decimal(21,9) not null default 0, MODIFY `title` varchar(140), MODIFY `amount` varchar(140)
2023-09-29 18:58:55,554 WARNING database DDL Query made to DB:
ALTER TABLE `tabOrder Details` MODIFY `title` varchar(140), MODIFY `price` decimal(21,9) not null default 0
2023-09-29 18:58:55,554 WARNING database DDL Query made to DB:
ALTER TABLE `tabOrder Details` MODIFY `title` varchar(140), MODIFY `price` decimal(21,9) not null default 0
2023-09-29 19:00:49,284 WARNING database DDL Query made to DB:
ALTER TABLE `tabOrder Details` MODIFY `title` varchar(140), MODIFY `price` decimal(21,9) not null default 0
2023-09-29 19:00:49,284 WARNING database DDL Query made to DB:
ALTER TABLE `tabOrder Details` MODIFY `title` varchar(140), MODIFY `price` decimal(21,9) not null default 0
2023-09-29 20:23:32,757 WARNING database DDL Query made to DB:
ALTER TABLE `tabOrder Details` MODIFY `qty` int(11) not null default 0, MODIFY `title` varchar(140), MODIFY `price` decimal(21,9) not null default 0
2023-09-30 11:08:10,971 WARNING database DDL Query made to DB:
ALTER TABLE `tabOrder Details` MODIFY `price` decimal(21,9) not null default 0, MODIFY `title` varchar(140)
2023-09-30 11:08:56,727 WARNING database DDL Query made to DB:
ALTER TABLE `tabOrder Details` ADD COLUMN `total_amount` decimal(21,9) not null default 0
2023-09-30 11:08:56,739 WARNING database DDL Query made to DB:
ALTER TABLE `tabOrder Details` MODIFY `title` varchar(140), MODIFY `price` decimal(21,9) not null default 0
2023-09-30 11:18:23,857 WARNING database DDL Query made to DB:
ALTER TABLE `tabOrder Details` MODIFY `name` varchar(140)
2023-09-30 11:18:23,892 WARNING database DDL Query made to DB:
ALTER TABLE `tabOrder Details` MODIFY `title` varchar(140), MODIFY `price` decimal(21,9) not null default 0, MODIFY `total_amount` decimal(21,9) not null default 0
2023-09-30 11:18:27,254 WARNING database DDL Query made to DB:
ALTER TABLE `tabOrder Details` MODIFY `title` varchar(140), MODIFY `price` decimal(21,9) not null default 0, MODIFY `total_amount` decimal(21,9) not null default 0
2023-09-30 11:18:30,562 WARNING database DDL Query made to DB:
ALTER TABLE `tabOrder Details` MODIFY `price` decimal(21,9) not null default 0, MODIFY `title` varchar(140), MODIFY `total_amount` decimal(21,9) not null default 0
2023-09-30 11:21:24,673 WARNING database DDL Query made to DB:
ALTER TABLE `tabRestaurants Menu` ADD COLUMN `image` text
2023-09-30 11:21:24,684 WARNING database DDL Query made to DB:
ALTER TABLE `tabRestaurants Menu` MODIFY `price` decimal(21,9) not null default 0
2023-09-30 11:23:38,521 WARNING database DDL Query made to DB:
ALTER TABLE `tabRestaurants Menu` ADD COLUMN `route` varchar(140)
2023-09-30 11:23:38,533 WARNING database DDL Query made to DB:
ALTER TABLE `tabRestaurants Menu` MODIFY `price` decimal(21,9) not null default 0
2023-09-30 11:33:15,708 WARNING database DDL Query made to DB:
ALTER TABLE `tabRestaurants Menu` MODIFY `price` decimal(21,9) not null default 0
2023-09-30 11:38:35,801 WARNING database DDL Query made to DB:
ALTER TABLE `tabRestaurants Menu` MODIFY `price` decimal(21,9) not null default 0
2023-09-30 11:39:32,879 WARNING database DDL Query made to DB:
create table `tabMenu` (
			name varchar(140) primary key,
			creation datetime(6),
			modified datetime(6),
			modified_by varchar(140),
			owner varchar(140),
			docstatus int(1) not null default '0',
			idx int(8) not null default '0',
			`title` varchar(140),
`_user_tags` text,
`_comments` text,
`_assign` text,
`_liked_by` text,
index modified(modified))
			ENGINE=InnoDB
			ROW_FORMAT=DYNAMIC
			CHARACTER SET=utf8mb4
			COLLATE=utf8mb4_unicode_ci
2023-09-30 11:39:57,711 WARNING database DDL Query made to DB:
ALTER TABLE `tabMenu` ADD COLUMN `data_iiad` varchar(140)
2023-09-30 11:40:49,091 WARNING database DDL Query made to DB:
ALTER TABLE `tabMenu` ADD COLUMN `image` text
2023-09-30 11:42:11,010 WARNING database DDL Query made to DB:
ALTER TABLE `tabMenu` ADD COLUMN `route` varchar(140)
2023-09-30 11:42:47,881 WARNING database DDL Query made to DB:
ALTER TABLE `tabMenu` ADD COLUMN `is_published` int(1) not null default 0
2023-09-30 12:02:15,269 WARNING database DDL Query made to DB:
ALTER TABLE `tabOrder Details` MODIFY `price` decimal(21,9) not null default 0, MODIFY `total_amount` decimal(21,9) not null default 0
2023-09-30 16:23:15,891 WARNING database DDL Query made to DB:
create sequence if not exists team_member_id_seq nocache nocycle
2023-09-30 16:23:15,904 WARNING database DDL Query made to DB:
create table `tabTeam Member` (
			name bigint primary key,
			creation datetime(6),
			modified datetime(6),
			modified_by varchar(140),
			owner varchar(140),
			docstatus int(1) not null default '0',
			idx int(8) not null default '0',
			`title` varchar(140),
`_user_tags` text,
`_comments` text,
`_assign` text,
`_liked_by` text,
index modified(modified))
			ENGINE=InnoDB
			ROW_FORMAT=DYNAMIC
			CHARACTER SET=utf8mb4
			COLLATE=utf8mb4_unicode_ci
2023-09-30 16:24:10,347 WARNING database DDL Query made to DB:
ALTER TABLE `tabTeam Member` ADD COLUMN `image` text
2023-09-30 16:25:23,350 WARNING database DDL Query made to DB:
ALTER TABLE `tabTeam Member` ADD COLUMN `role` varchar(140)
2023-09-30 16:25:40,131 WARNING database DDL Query made to DB:
ALTER TABLE `tabTeam Member` ADD COLUMN `description` text
2023-09-30 16:29:14,013 WARNING database DDL Query made to DB:
ALTER TABLE `tabTeam Member` ADD COLUMN `is_published` int(1) not null default 0, ADD COLUMN `route` varchar(140)
2023-09-30 16:44:46,685 WARNING database DDL Query made to DB:
RENAME TABLE `tabTeam Member` TO `tabTeam`
2023-09-30 16:53:27,232 WARNING database DDL Query made to DB:
ALTER TABLE `tabTeam` ADD COLUMN `name1` varchar(140)
2023-09-30 16:53:27,232 WARNING database DDL Query made to DB:
ALTER TABLE `tabTeam` ADD COLUMN `name1` varchar(140)
2023-09-30 16:59:31,591 WARNING database DDL Query made to DB:
create sequence if not exists team_id_seq nocache nocycle
2023-09-30 16:59:31,604 WARNING database DDL Query made to DB:
ALTER TABLE `tabTeam` MODIFY `name` bigint
2023-10-01 16:37:39,054 WARNING database DDL Query made to DB:
ALTER TABLE `tabOrder Details` MODIFY `total_amount` decimal(21,9) not null default 0, MODIFY `price` decimal(21,9) not null default 0
2023-10-01 16:38:29,617 WARNING database DDL Query made to DB:
ALTER TABLE `tabMenu` ADD COLUMN `price` decimal(21,9) not null default 0
2023-10-01 17:22:41,025 WARNING database DDL Query made to DB:
create table `tabUserblog` (
			name varchar(140) primary key,
			creation datetime(6),
			modified datetime(6),
			modified_by varchar(140),
			owner varchar(140),
			docstatus int(1) not null default '0',
			idx int(8) not null default '0',
			`title` varchar(140),
`sub_title` varchar(140),
`banner_image` text,
`creator` varchar(140),
`published` int(1) not null default 0,
`route` varchar(140),
`body` longtext,
`_user_tags` text,
`_comments` text,
`_assign` text,
`_liked_by` text,
index modified(modified))
			ENGINE=InnoDB
			ROW_FORMAT=DYNAMIC
			CHARACTER SET=utf8mb4
			COLLATE=utf8mb4_unicode_ci
2023-10-01 17:23:23,426 WARNING database DDL Query made to DB:
ALTER TABLE `tabMenu` MODIFY `price` decimal(21,9) not null default 0
2023-10-01 17:23:23,616 WARNING database DDL Query made to DB:
ALTER TABLE `tabOrder Details` MODIFY `total_amount` decimal(21,9) not null default 0, MODIFY `price` decimal(21,9) not null default 0
2023-10-02 11:10:48,100 WARNING database DDL Query made to DB:
create table `tabCustom Contact Us` (
			name varchar(140) primary key,
			creation datetime(6),
			modified datetime(6),
			modified_by varchar(140),
			owner varchar(140),
			docstatus int(1) not null default '0',
			idx int(8) not null default '0',
			`title` varchar(140),
`_user_tags` text,
`_comments` text,
`_assign` text,
`_liked_by` text,
index modified(modified))
			ENGINE=InnoDB
			ROW_FORMAT=DYNAMIC
			CHARACTER SET=utf8mb4
			COLLATE=utf8mb4_unicode_ci
2023-10-02 11:12:17,966 WARNING database DDL Query made to DB:
ALTER TABLE `tabCustom Contact Us` ADD COLUMN `email` varchar(140), ADD COLUMN `phone_no` varchar(140), ADD COLUMN `message` text, ADD COLUMN `title_copy` varchar(140)
2023-10-02 18:59:21,869 WARNING database DDL Query made to DB:
ALTER TABLE `tabMenu` MODIFY `price` decimal(21,9) not null default 0
